make.exe all --print-data-base --no-builtin-variables --no-builtin-rules --question
# GNU Make 3.81
# Copyright (C) 2006  Free Software Foundation, Inc.
# This is free software; see the source for copying conditions.
# There is NO warranty; not even for MERCHANTABILITY or FITNESS FOR A
# PARTICULAR PURPOSE.

# This program built for i386-pc-mingw32
 

# Make data base, printed on Thu Jun 17 20:36:51 2021

# Variables

# automatic
<D = $(patsubst %/,%,$(dir $<))
# automatic
?F = $(notdir $?)
# makefile
MAKEFLAGS = Rrqp
# environment
VSCODE_LOG_NATIVE = false
# automatic
?D = $(patsubst %/,%,$(dir $?))
# automatic
@D = $(patsubst %/,%,$(dir $@))
# environment
HOMEDRIVE = C:
# automatic
@F = $(notdir $@)
# automatic
^D = $(patsubst %/,%,$(dir $^))
# makefile
CURDIR := c:/Users/Tyler/Desktop/C compiler
# default
SHELL := sh.exe
# environment
WINDIR = C:\WIN 
DOWS
# environment
VSCODE_NLS_CONFIG = {"locale":"en-us","availableLanguages":{},"_languagePackSupport":true}
# environment
VBOX_MSI_INSTALL_PATH = C:\Program Files\Oracle\VirtualBox\
# makefile (from `makefile', line 2)
CFLAGS = -std=c11 -g -fno-common
# environment
ONEDRIVE = C:\Users\Tyler\OneDrive
# environment
CUDA_PATH_V10_0 = C:\Program Files\NVIDIA GPU Computing Toolkit\CUDA\v10.0
# makefile (from `makefile', line 3)
source_files = $(wildcard *.c)
# environment
PATHEXT = .COM;.EXE;.BAT;.CMD;.VBS;.VB 
E;.JS;.JSE;.WSF;.WSH;.MSC;.PY;.PYW;.RB;.RBW
# makefile (from `makefile', line 1)
MAKEFILE_LIST :=  makefile
# environment
FPS_BROWSER_USER_PROFILE_STRING = Default
# environment
VSCODE_NODE_CACHED_DATA_DIR = C:\Users\Tyler\AppData\Roaming\Code\CachedData\507ce72a4466fbb27b715c3722558bb15afa9f48
# environment
TMP = C:\Users\Tyler\AppData\Local\Temp
# environment
CUDA_PATH_V11_0 = C:\Program Files\NVIDIA GPU Computing Toolkit\CUDA\v11.0
# environment
VSCODE_VERBOSE_LOGGING = true
# environment
PROGRAMW6432 =  
C:\Program Files
# environment
PROGRAMDATA = C:\ProgramData
# environment
CUDA_PATH_V10_1 = C:\Program Files\NVIDIA GPU Computing Toolkit\CUDA\v10.1
# environment
VSCODE_IPC_HOOK_EXTHOST = \\.\pipe\vscode-ipc-7c893f17-8147-40b8-9afc-ec7fd32c75a0-sock
# environment
VSCODE_CWD = C:\Users\Tyler\AppData\Local\Programs\Microsoft VS Code
# environment
PATH = C:\Program Files\Oculus\Support\oculus-runtime;C:\Program Files (x86)\Python38-32\Scripts\;C:\Program Files (x86)\Python38-32\;C:\Program Files\Python37\Scripts\;C:\Program Files\Python37\;C:\Program Files\Python38\Scripts\;C:\Program Files\Python38\;C:\Python27\;C:\Program Files (x86)\Common Files\Oracle\Java\javapath;C:\Program Files (x86)\Intel\iCLS Client\;C:\Program Files\Intel\iCLS Client\;C:\Windows\system32;C:\Windows;C:\Windows\System32\Wbem;C:\Windows\System32\OpenSSH\;C:\Ruby25-x64\bin;C:\ffmpeg\bin;C:\Users\Tyler\AppData\Local\Programs\MiKTeX 2.9\miktex\bin\x64;C:\Users\Tyler\AppData\Local\Programs\Python\Python37-32\Scripts\;C:\Users\Tyler\AppData\Local\Microsoft\WindowsApps;C:\Program Files\dotnet\;C:\Program Files\Git\cmd;C:\Program Files (x86)\NVIDIA Corporation\PhysX\Common;C:\Program Files\Microsoft SQL Server\130\Tools\Binn\;C:\Program Files\Rigetti Computing\Forest SDK for Windows\;C:\gcc-lua-install\tdm-gcc\bin;C:\WINDOWS\system32;C:\WINDOWS;C:\WINDOWS\System32\Wbem;C:\WINDOWS\System32\WindowsPowerShell\v1.0\;C:\WINDOWS\System32\OpenSSH\;C:\Program Files\NVIDIA Corporation\NVIDIA NvDLISR;C:\MinGW\msys\1.0\bin;C:\Users\Public\wpilib\2020\roborio\bin;C:\Users\Public\wpilib\2020\frccode;C:\Program Files\nodejs\;C:\Program Files\mingw-w64\x86_64-8.1.0-posix-seh-rt_v6-rev0\mingw64\bin;C:\Program Files\NVIDIA Corporation\Nsight Compute 2020.1.2\;C:\Program Files\NVIDIA GPU Computing Toolkit\CUDA\v11.0\libnvvp;C:\Program Files\NVIDIA GPU Computing Toolkit\CUDA\v11.0\bin;C:\Program Files (x86)\Microsoft Visual Studio\2017\Community\VC\Tools\MSVC\14.16.27023\bin\Hostx64\arm64;C:\Program Files\NVIDIA GPU Computing Toolkit\CUDA\v10.1\bin;C:\WINDOWS\system32;C:\WINDOWS;C:\WINDOWS\System32\Wbem;C:\WINDOWS\System32\WindowsPowerShell\v1.0\;C:\WINDOWS\System32\OpenSSH\;C:\Program Files (x86)\Windows Kits\10\Windows Performance Toolkit\;C:\Users\Tyler\AppData\Local\Programs\Python\Python310\;C:\Users\Tyler\AppData\Local\Programs\Python\Python310\Scripts;C:\Program Files (x86)\GnuWin32\bin;C:\Python27amd64;C:\Program Files\NVIDIA GPU Computing Toolkit\CUDA\v10.0\bin;C:\Program Files\NVIDIA GPU Computing Toolkit\CUDA\v10.0\extras\CUPTI\libx64;C:\Program Files\NVIDIA GPU Computing Toolkit\CUDA\v10.0\include;C:\tools\cuda\bin;C:\Users\Tyler\AppData\Local\Programs\Microsoft VS Code\bin;C:\Users\Tyler\AppData\Local\Microsoft\WindowsApps;C:\Program Files\Python37\Scripts\hypergan\;C:\Program Files\Java\jdk-11.0.2\bin;C:\Users\Tyler\.dotnet\tools;C:\Users\Tyler\AppData\Local\GitHubDesktop\bin;C:\Users\Public\wpilib\2020\roborio\bin;C:\Users\Public\wpilib\2020\frccode;C:\Users\Tyler\AppData\Roaming\npm;C:\GNUstep\GNUstep\System\Tools;C:\GNUstep\bin;C:\Users\Tyler\AppData\Lo 
cal\Microsoft\WindowsApps;
# environment
COMMONPROGRAMW6432 = C:\Program Files\Common Files
# environment
PROCESSOR_ARCHITECTURE = x86
# makefile (from `makefile', line 5)
object_files = $(source_files:.c=.o)
# environment
USERPROFILE = C:\Users\Tyler
# environment
ALLUSERSPROFILE = C:\ProgramData
# environment
VSCODE_LOG_STACK = false
# environment
NUMBER_OF_PROCESSORS = 6
# environment
ELECTRON_RUN_AS_NODE = 1
# default
.FEATURES := target-specific order-only second-expansion else-if archives
# environment
NVTOOLSEXT_PATH = C:\Program Files\NVIDIA Corporation\NvToolsExt\
# environment
OCULUSBASE = C:\Program Files\Oculus\
# environment
CPLUS_INCLUDE_PATH = C:\Program Files\Python38\include
# automatic
%F = $(notdir $%)
# environment
CHROME_CRASHPAD_PIPE_NAME = \\.\pipe\crashpad_3264_ANOWRUWHIOSZKZUS
# environment
_JAVA_OPTIONS = -Xmx4096m 
# environment
VSCODE_PIPE_LOGGING = true
# environment
COMPUTERNAME = DESKTOP-7UP0CSL
# environment
CUDA_VISIBLE_DEVICES = 0
# environment
PROGRAMFILES = C:\Program Files 
 (x86)
# environment
FREESPACE = C:\Users\Tyler\Downloads\libfreespace
# environment
DRIVERDATA = C:\Windows\System32\Drivers\DriverData
# environment
NVCUDASAMPLES_ROOT = C:\ProgramData\NVIDIA Corporation\CUDA Samples\v11.0
# environment
ASL.LOG = Destination=file
# environment
ORIGINAL_XDG_CURRENT_DESKTOP = undefined
# environment
USERNAME = Tyler
# environment
PUBLIC = C:\Users\Public
# environment
VSCODE_AMD_ENTRYPOINT = vs/workbench/services/extensions/node/extensionHostProcess
# environment
APPLICATIO 
N_INSIGHTS_NO_DIAGNOSTIC_CHANNEL = true
# environment
COMMONPROGRAMFILES = C:\Program Files (x86)\Common Files
# environment
LOGONSERVER = \\DESKTOP-7UP0CSL
# environment
ONEDRIVECONSUMER = C:\Users\Tyler\OneDrive
# environment
VSCODE_HANDLES_UNCAUGHT_ERRORS = true
# environment
USERDOMAIN = DESKTOP-7UP0CSL
# default
MAKE = $(MAKE_COMMAND)
# default
MAKECMDGOALS := all
# makefile (from `makefile', line 1)
CC = gcc
# environment
JAVA_HOME = C:\Program Files\Java\jdk-11.0.2
# default
MAKE_VERSION := 3.81
# makefile
.DEFAULT_GOAL := ccompiler
# environment
PROGRAMFILES(X86) = C:\Program Files (x86)
# automatic
%D = $(patsubst %/,%,$(dir $%))
# environment
LOCALAPPDATA = C:\Users\Tyler\AppData\Local
# environment
PSMODULEPATH = C:\Program Files\WindowsPowerShell\Modules;C:\WINDOWS\system32\WindowsPowerShell\v1.0\Modules;C:\Program Files\Intel\Wired Networking\
# default
MAKE_COMMAND := make.exe
# environment
PROCESSOR_ARCHITEW6432 = AMD64
# default
.VARIABLES := 
# automatic
*F = $(notdir $*)
# makefile (from `ma 
kefile', line 4)
header_files = $(wildcard *.h)
# environment
PROCESSOR_IDENTIFIER = Intel64 Family 6 Model 158 Stepping 12, GenuineIntel
# environment
OS = Windows_NT
# environment
VSCODE_IPC_HOOK = \\.\pipe\4fb14d64406b5426483ab4f3d1a31341-1.57.1-main-sock
# environment
HOMEPATH = \Users\Tyler
# environment
COMMONPROGRAMFILES(X86) = C:\Program Files (x86)\Common Files
# environment
PROMPT = $P$G
# environment
MFLAGS = -Rrqp
# automatic
*D = $(patsubst %/,%,$(dir $*))
# environment
SYSTEMROOT = C:\WINDOWS
 
# automatic
+D = $(patsubst %/,%,$(dir $+))
# environment
NVCUDASAMPLES10_0_ROOT = C:\ProgramData\NVIDIA Corporation\CUDA Samples\v10.0
# automatic
+F = $(notdir $+)
# environment
APPDATA = C:\Users\Tyler\AppData\Roaming
# environment
TEMP = C:\Users\Tyler\AppData\Local\Temp
# environment
COMSPEC = C:\WINDOWS\system32\cmd.exe
# environment
NVCUDASAMPLES11_0_ROOT = C:\ProgramData\NVIDIA Corporation\CUDA Samples\v11.0
# default
MAKEFILES := 
# automatic
<F = $(notdir $<)
# environment
DXSDK_DIR = C:\Program F 
iles (x86)\Microsoft DirectX SDK (June 2010)\
# environment
NVCUDASAMPLES10_1_ROOT = C:\ProgramData\NVIDIA Corporation\CUDA Samples\v10.1
# environment
LC_ALL = C
# automatic
^F = $(notdir $^)
# environment
CUDA_PATH = C:\Program Files\NVIDIA GPU Computing Toolkit\CUDA\v11.0
# default
SUFFIXES := 
# environment
SYSTEMDRIVE = C:
# environment
SESSIONNAME = Console
# environment
PROCESSOR_REVISION = 9e0c
# environment
VS140COMNTOOLS = C:\Program Files (x86)\Microsoft Visual Studio 14.0\Common7\Tools\
# enviro 
nment
MAKELEVEL := 0
# environment
LANG = C
# environment
PROCESSOR_LEVEL = 6
# environment
FPS_BROWSER_APP_PROFILE_STRING = Internet Explorer
# environment
VSCODE_PID = 3264
# environment
USERDOMAIN_ROAMINGPROFILE = DESKTOP-7UP0CSL
# variable set hash-table stats:
# Load=113/1024=11%, Rehash=0, Collisions=9/138=7%

# Pattern-specific Variable Values

# No pattern-specific variable values.

# Directories

# C:\Python27\: could not be stat'd.
# C:\Program Files\Intel\iCLS Client\ (key C:/Program Files/Intel/ 
iCLS Client/, mtime 1536997130): 11 files, no impossibilities.
# C:\Program Files\Oculus\Support\oculus-runtime (key C:/Program Files/Oculus/Support/oculus-runtime, mtime 1621554219): 33 files, no impossibilities.
# C:\Python27amd64 (key C:/Python27amd64, mtime 1561515504): 15 files, no impossibilities.
# C:\WINDOWS\System32\WindowsPowerShell\v1.0\ (key C:/WINDOWS/System32/WindowsPowerShell/v1.0/, mtime 1604545532): 30 files, no impossibilities.
# C:\Windows\System32\Wbem (key C:/Windows/System32/Wbem, mtim 
e 1620878356): 154 files, no impossibilities.
# . (key c:/Users/Tyler/Desktop/C compiler, mtime 1623976520): 23 files, no impossibilities.
# C:\Users\Tyler\AppData\Local\GitHubDesktop\bin (key C:/Users/Tyler/AppData/Local/GitHubDesktop/bin, mtime 1553464562): 4 files, no impossibilities.
# C:\Users\Tyler\AppData\Local\Microsoft\WindowsApps (key C:/Users/Tyler/AppData/Local/Microsoft/WindowsApps, mtime 1622300367): 12 files, no impossibilities.
# C:\Program Files\nodejs\ (key C:/Program Files/nodejs/, mtime  
1584987457): 11 files, no impossibilities.
# C:\Program Files (x86)\NVIDIA Corporation\PhysX\Common (key C:/Program Files (x86)/NVIDIA Corporation/PhysX/Common, mtime 1560387332): 10 files, no impossibilities.
# C:\ffmpeg\bin (key C:/ffmpeg/bin, mtime 1553637793): 5 files, no impossibilities.
# C:\Program Files\dotnet\ (key C:/Program Files/dotnet/, mtime 1613190426): 11 files, no impossibilities.
# C:\Program Files\Java\jdk-11.0.2\bin (key C:/Program Files/Java/jdk-11.0.2/bin, mtime 1550079804): 123 files, 
 no impossibilities.
# C:\Program Files\NVIDIA GPU Computing Toolkit\CUDA\v10.0\extras\CUPTI\libx64 (key C:/Program Files/NVIDIA GPU Computing Toolkit/CUDA/v10.0/extras/CUPTI/libx64, mtime 1573271640): 4 files, no impossibilities.
# C:\Program Files\Python37\Scripts\hypergan\ (key C:/Program Files/Python37/Scripts/hypergan/, mtime 1573969366): could not be opened.
# C:\tools\cuda\bin: could not be stat'd.
# C:\GNUstep\bin: could not be stat'd.
# C:\Program Files\NVIDIA GPU Computing Toolkit\CUDA\v11.0\libnv 
vp (key C:/Program Files/NVIDIA GPU Computing Toolkit/CUDA/v11.0/libnvvp, mtime 1598838810): 14 files, no impossibilities.
# C:\Program Files\Python37\ (key C:/Program Files/Python37/, mtime 1599361514): 28 files, no impossibilities.
# C:\MinGW\msys\1.0\bin: could not be stat'd.
# C:\Program Files\Python37\Scripts\ (key C:/Program Files/Python37/Scripts/, mtime 1600797481): 72 files, no impossibilities.
# C:\Windows\System32\OpenSSH\: could not be stat'd.
# C:\Program Files (x86)\Common Files\Oracle\Java\ja 
vapath (key C:/Program Files (x86)/Common Files/Oracle/Java/javapath, mtime 1550080066): 5 files, no impossibilities.
# C:\Program Files\NVIDIA GPU Computing Toolkit\CUDA\v10.0\bin (key C:/Program Files/NVIDIA GPU Computing Toolkit/CUDA/v10.0/bin, mtime 1573271721): 43 files, no impossibilities.
# C:\Program Files\Microsoft SQL Server\130\Tools\Binn\ (key C:/Program Files/Microsoft SQL Server/130/Tools/Binn/, mtime 1561429241): 4 files, no impossibilities.
# C:\Windows (key C:/Windows, mtime 1623210410): 12 
8 files, no impossibilities.
# C:\Program Files (x86)\Python38-32\: could not be stat'd.
# C:\Users\Public\wpilib\2020\roborio\bin (key C:/Users/Public/wpilib/2020/roborio/bin, mtime 1580172943): 32 files, no impossibilities.
# C:\Program Files (x86)\Python38-32\Scripts\: could not be stat'd.
# C:\Program Files\mingw-w64\x86_64-8.1.0-posix-seh-rt_v6-rev0\mingw64\bin (key C:/Program Files/mingw-w64/x86_64-8.1.0-posix-seh-rt_v6-rev0/mingw64/bin, mtime 1597784666): 58 files, no impossibilities.
# C:\Program Files (x86)\Microsoft Visual Studio\2017\Community\VC\Tools\MSVC\14.16.27023\bin\Hostx64\arm64 (key C:/Program Files (x86)/Microsoft Visual Studio/2017/Community/VC/Tools/MSVC/14.16.27023/bin/Hostx64/arm64, mtime 1561428369): 28 files, no impossibilities.
# C:\Program Files\NVIDIA GPU Computing Toolkit\CUDA\v10.1\bin (key C:/Program Files/NVIDIA GPU Computing Toolkit/CUDA/v10.1/bin, mtime 1573270266): 46 files, no impossibilities.
# C:\Program Files\NVIDIA GPU Computing Toolkit\CUDA\v11.0\bin (key C:/Program Files/NVIDIA GPU Computing Toolkit/CUDA/v11.0/bin, mtime 1598838836): 43 files, no impossibilities.
# C:\Program Files\Rigetti Computing\Forest SDK for Windows\ (key C:/Program Files/Rigetti Computing/Forest SDK for Windows/, mtime 1567290322): 17 files, no impossibilities.
# C:\Program Files (x86)\Windows Kits\10\Windows Performance Toolkit\ (key C:/Program Files (x86)/Windows Kits/10/Windows Performance Toolkit/, mtime 1606697888): 144 files, no impossibilities.
# C:\Users\Tyler\AppData\Local\Programs\Python\Python310\ (key C:/Users/Tyler/AppData/Local/Programs/Python/Python310/, mtime 1621126874): 18 files, no impossibilities.
# C:\Program Files\NVIDIA GPU Computing Toolkit\CUDA\v10.0\include (key C:/Program Files/NVIDIA GPU Computing Toolkit/CUDA/v10.0/include, mtime 1573271732): 141 files, no impossibilities.
# C:\Program Files (x86)\Intel\iCLS Client\ (key C:/Program Files (x86)/Intel/iCLS Client/, mtime 1536997131): 8 files, no impossibilities.
# C:\Program Files\Git\cmd (key C:/Program Files/Git/cmd, mtime 1553481406): 8 files, no impossibilities.
# C:\Windows\system32 (key C:/Windows/system32, mtime 1623890206): 3041 files, no impossibilities.
# C:\gcc-lua-install\tdm-gcc\bin: could not be stat'd.
# C:\Users\Tyler\AppData\Local\Programs\Microsoft VS Code\bin (key C:/Users/Tyler/AppData/Local/Programs/Microsoft VS Code/bin, mtime 1623975325): 4 files, no impossibilities.
# C:\GNUstep\GNUstep\System\Tools: could not be stat'd.
# C:\Ruby25-x64\bin (key C:/Ruby25-x64/bin, mtime 1550206038): 21 files, no impossibilities.
# C:\Users\Tyler\AppData\Local\Programs\MiKTeX 2.9\miktex\bin\x64 (key C:/Users/Tyler/AppData/Local/Programs/MiKTeX 2.9/miktex/bin/x64, mtime 1567422096): 621 files, no impossibilities.
# C:\Users\Public\wpilib\2020\frccode (key C:/Users/Public/wpilib/2020/frccode, mtime 1580172935): 8 files, no impossibilities.
# C:\Program Files\Python38\ (key C:/Program Files/Python38/, mtime 1589507389): 18 files, no impossibilities.
# C:\Users\Tyler\AppData\Local\Programs\Python\Python310\Scripts (key C:/Users/Tyler/AppData/Local/Programs/Python/Python310/Scripts, mtime 1621126874): 5 files, no impossibilities.
# C:\Program Files\NVIDIA Corporation\Nsight Compute 2020.1.2\ (key C:/Program Files/NVIDIA Corporation/Nsight Compute 2020.1.2/, mtime 1598838610): 12 files, no impossibilities.
# C:\Users\Tyler\AppData\Local\Programs\Python\Python37-32\Scripts\ (key C:/Users/Tyler/AppData/Local/Programs/Python/Python37-32/Scripts/, mtime 1589853727): 7 files, no impossibilities.
# C:\Users\Tyler\AppData\Roaming\npm (key C:/Users/Tyler/AppData/Roaming/npm, mtime 1599776873): 12 files, no impossibilities.
# C:\Users\Tyler\.dotnet\tools: could not be stat'd.
# C:\Program Files\Python38\Scripts\ (key C:/Program Files/Python38/Scripts/, mtime 1598200616): 58 files, no impossibilities.
# C:\Program Files\NVIDIA Corporation\NVIDIA NvDLISR (key C:/Program Files/NVIDIA Corporation/NVIDIA NvDLISR, mtime 1574478693): 5 files, no impossibilities.
# C:\Program Files (x86)\GnuWin32\bin (key C:/Program Files (x86)/GnuWin32/bin, mtime 1623161642): 5 files, no impossibilities.

# 5100 files, no impossibilities in 56 directories.

# Implicit Rules

# No implicit rules.

# Files

# Not a target:
parser.h:
#  Implicit rule search has not been done.
#  Modification time never checked.
#  File has not been updated.

# Not a target:
nodes.c:
#  Implicit rule search has not been done.
#  Modification time never checked.
#  File has not been updated.

# Not a target:
all:
#  Command-line target.
#  Implicit rule search has been done.
#  File does not exist.
#  File has not been updated.
# variable set hash-table stats:
# Load=0/32=0%, Rehash=0, Collisions=0/0=0%

# Not a target:
codegen.c:
#  Implicit rule search has not been done.
#  Modification time never checked.
#  File has not been updated.

.PHONY: test clean
#  Implicit rule search has not been done.
#  Modification time never checked.
#  File has not been updated.

# Not a target:
main.c:
#  Implicit rule search has not been done.
#  Modification time never checked.
#  File has not bee 
n updated.

# Not a target:
.DEFAULT:
#  Implicit rule search has not been done.
#  Modification time never checked.
#  File has not been updated.

# Not a target:
lexer.c:
#  Implicit rule search has not been done.
#  Modification time never checked.
#  File has not been updated.

# Not a target:
nodes.h:
#  Implicit rule search has not been done.
#  Modification time never checked.
#  File has not been updated.

# Not a target:
codegen.h:
#  Implicit rule search has not been done.
#  Modification time nev 
er checked.
#  File has not been updated.

test: ccompiler
#  Phony target (prerequisite of .PHONY).
#  Implicit rule search has not been done.
#  File does not exist.
#  File has not been updated.
#  commands to execute (from `makefile', line 26):
	"C:\Program Files\Git\bin\bash.exe" test.sh
	del tmp.exe
	del tmp.s
	

# Not a target:
makefile:
#  Implicit rule search has been done.
#  Last modified 2021-06-17 20:17:49
#  File has been updated.
#  Successfully updated.
# variable set hash-table stats:
# Loa 
d=0/32=0%, Rehash=0, Collisions=0/0=0%

# Not a target:
lexer.h:
#  Implicit rule search has not been done.
#  Modification time never checked.
#  File has not been updated.

# Not a target:
.SUFFIXES:
#  Implicit rule search has not been done.
#  Modification time never checked.
#  File has not been updated.

parser.o: parser.c parser.h nodes.h lexer.h
#  Implicit rule search has not been done.
#  Modification time never checked.
#  File has not been updated.
#  commands to execute (from `makefile', line 1 
7):
	$(CC) $(CFLAGS) -c -o parser.o parser.c
	

clean: codegen.o lexer.o main.o nodes.o parser.o
#  Phony target (prerequisite of .PHONY).
#  Implicit rule search has not been done.
#  File does not exist.
#  File has not been updated.
#  commands to execute (from `makefile', line 22):
	$(CC) $(CFLAGS) -o ccompiler $(object_files)
	del $(object_files)
	

nodes.o: nodes.c nodes.h
#  Implicit rule search has not been done.
#  Modification time never checked.
#  File has not been updated.
#  commands to execut 
e (from `makefile', line 15):
	$(CC) $(CFLAGS) -c -o nodes.o nodes.c
	

ccompiler: codegen.o lexer.o main.o nodes.o parser.o
#  Implicit rule search has not been done.
#  Modification time never checked.
#  File has not been updated.
#  commands to execute (from `makefile', line 8):
	$(CC) $(CFLAGS) -o $@ $^ $(LDFLAGS)
	

codegen.o: codegen.c codegen.h parser.h nodes.c lexer.h
#  Implicit rule search has not been done.
#  Modification time never checked.
#  File has not been updated.
#  commands to execute  
(from `makefile', line 19):
	$(CC) $(CFLAGS) -c -o codegen.o codegen.c
	

main.o: main.c codegen.h lexer.h nodes.h parser.h
#  Implicit rule search has not been done.
#  Modification time never checked.
#  File has not been updated.
#  commands to execute (from `makefile', line 11):
	$(CC) $(CFLAGS) -c -o main.o main.c
	

lexer.o: lexer.c lexer.h
#  Implicit rule search has not been done.
#  Modification time never checked.
#  File has not been updated.
#  commands to execute (from `makefile', line 13):
	$( 
CC) $(CFLAGS) -c -o lexer.o lexer.c
	

# Not a target:
parser.c:
#  Implicit rule search has not been done.
#  Modification time never checked.
#  File has not been updated.

# files hash-table stats:
# Load=22/1024=2%, Rehash=0, Collisions=0/64=0%
# VPATH Search Paths

# No `vpath' search paths.

# No general (`VPATH' variable) search path.

# # of strings in strcache: 1
# # of strcache buffers: 1
# strcache size: total = 4096 / max = 4096 / min = 4096 / avg = 4096
# strcache free: total = 4087 / max = 4087 / min = 4087 / avg = 4087

# Finished Make data base on Thu Jun 17 20:36:51 2021

 
make.exe: *** No rule to make target `all'.  Stop.
 
